0 info it worked if it ends with ok
1 verbose cli [ '/usr/local/bin/node', '/usr/local/bin/npm', 'publish' ]
2 info using npm@3.9.5
3 info using node@v6.2.2
4 verbose publish [ '.' ]
5 silly cache add args [ '.', null ]
6 verbose cache add spec .
7 silly cache add parsed spec Result {
7 silly cache add   raw: '.',
7 silly cache add   scope: null,
7 silly cache add   name: null,
7 silly cache add   rawSpec: '.',
7 silly cache add   spec: '/Users/jeremy.shefer/projects/node-gitsync',
7 silly cache add   type: 'directory' }
8 verbose addLocalDirectory /Users/jeremy.shefer/.npm/node-gitsync/1.0.0/package.tgz not in flight; packing
9 verbose correctMkdir /Users/jeremy.shefer/.npm correctMkdir not in flight; initializing
10 info lifecycle node-gitsync@1.0.0~prepublish: node-gitsync@1.0.0
11 silly lifecycle node-gitsync@1.0.0~prepublish: no script for prepublish, continuing
12 verbose tar pack [ '/Users/jeremy.shefer/.npm/node-gitsync/1.0.0/package.tgz',
12 verbose tar pack   '/Users/jeremy.shefer/projects/node-gitsync' ]
13 verbose tarball /Users/jeremy.shefer/.npm/node-gitsync/1.0.0/package.tgz
14 verbose folder /Users/jeremy.shefer/projects/node-gitsync
15 verbose addLocalTarball adding from inside cache /Users/jeremy.shefer/.npm/node-gitsync/1.0.0/package.tgz
16 verbose correctMkdir /Users/jeremy.shefer/.npm correctMkdir not in flight; initializing
17 silly cache afterAdd node-gitsync@1.0.0
18 verbose afterAdd /Users/jeremy.shefer/.npm/node-gitsync/1.0.0/package/package.json not in flight; writing
19 verbose correctMkdir /Users/jeremy.shefer/.npm correctMkdir not in flight; initializing
20 verbose afterAdd /Users/jeremy.shefer/.npm/node-gitsync/1.0.0/package/package.json written
21 silly publish { name: 'node-gitsync',
21 silly publish   version: '1.0.0',
21 silly publish   description: 'Node helper library for keeping a remove git library syncronized with a local folder.',
21 silly publish   main: 'index.js',
21 silly publish   scripts: { test: 'echo "Error: no test specified" && exit 1' },
21 silly publish   repository:
21 silly publish    { type: 'git',
21 silly publish      url: 'git+https://github.com/SHEFFcode/node-gitsync.git' },
21 silly publish   keywords: [ 'Git', 'github', 'synchronize', 'Node' ],
21 silly publish   author: { name: 'Alexei White, Jeremy Shefer' },
21 silly publish   license: 'MIT',
21 silly publish   bugs: { url: 'https://github.com/SHEFFcode/node-gitsync' },
21 silly publish   homepage: 'https://github.com/SHEFFcode/node-gitsync',
21 silly publish   dependencies: { rimraf: '^2.3.4', 'simple-git': '^1.43.0' },
21 silly publish   engine: 'node >= 0.10.30',
21 silly publish   readme: 'Node GitSync\n===================\nHelper library for syncronizing a remote git repository with a local folder, being sure to only pull it down when it does not exist locally.\n###Installation &nbsp;  [![npm version](https://badge.fury.io/js/node-gitsync.svg)](https://badge.fury.io/js/node-gitsync)\n```sh\nnpm install node-gitsync\n```\n###Simple Usage\n```javascript\nvar gitsync = require(\'node-gitsync\');\n\ngitsync({\n  \'dest\': \'relative-path-to-subfolder\',\n  \'repo\': \'https://svn.bla.com/technology/GATEWAY_JS/tags/1.1.9\',\n  \'branch\': \'name-of-desired-branch\'\n}, function(err) {\n  console.log("done!");\n});\n```\n',
21 silly publish   readmeFilename: 'README.md',
21 silly publish   gitHead: '75b510e152171a0a977da9ffa026358fb58dd6ae',
21 silly publish   _id: 'node-gitsync@1.0.0',
21 silly publish   _shasum: '5cd9a24544936816ee37943197d00ffdfee34a15',
21 silly publish   _from: '.' }
22 verbose getPublishConfig undefined
23 silly mapToRegistry name node-gitsync
24 silly mapToRegistry using default registry
25 silly mapToRegistry registry https://registry.npmjs.org/
26 silly mapToRegistry data Result {
26 silly mapToRegistry   raw: 'node-gitsync',
26 silly mapToRegistry   scope: null,
26 silly mapToRegistry   name: 'node-gitsync',
26 silly mapToRegistry   rawSpec: '',
26 silly mapToRegistry   spec: 'latest',
26 silly mapToRegistry   type: 'tag' }
27 silly mapToRegistry uri https://registry.npmjs.org/node-gitsync
28 verbose publish registryBase https://registry.npmjs.org/
29 silly publish uploading /Users/jeremy.shefer/.npm/node-gitsync/1.0.0/package.tgz
30 verbose request uri https://registry.npmjs.org/node-gitsync
31 verbose request sending authorization for write operation
32 info attempt registry request try #1 at 9:53:54 PM
33 verbose request using bearer token for auth
34 verbose request id 20d1cf6e4f79ece4
35 http request PUT https://registry.npmjs.org/node-gitsync
36 http 403 https://registry.npmjs.org/node-gitsync
37 verbose headers { 'content-type': 'application/json',
37 verbose headers   'cache-control': 'max-age=300',
37 verbose headers   'content-length': '95',
37 verbose headers   'accept-ranges': 'bytes',
37 verbose headers   date: 'Fri, 22 Jul 2016 04:51:44 GMT',
37 verbose headers   via: '1.1 varnish',
37 verbose headers   connection: 'keep-alive',
37 verbose headers   'x-served-by': 'cache-sjc3136-SJC',
37 verbose headers   'x-cache': 'MISS',
37 verbose headers   'x-cache-hits': '0',
37 verbose headers   'x-timer': 'S1469163104.881687,VS0,VE109',
37 verbose headers   vary: 'Accept-Encoding' }
38 verbose request invalidating /Users/jeremy.shefer/.npm/registry.npmjs.org/node-gitsync on PUT
39 error publish Failed PUT 403
40 verbose stack Error: "You cannot publish over the previously published version 1.0.0." : node-gitsync
40 verbose stack     at makeError (/usr/local/lib/node_modules/npm/node_modules/npm-registry-client/lib/request.js:264:12)
40 verbose stack     at CachingRegistryClient.<anonymous> (/usr/local/lib/node_modules/npm/node_modules/npm-registry-client/lib/request.js:252:14)
40 verbose stack     at Request._callback (/usr/local/lib/node_modules/npm/node_modules/npm-registry-client/lib/request.js:172:14)
40 verbose stack     at Request.self.callback (/usr/local/lib/node_modules/npm/node_modules/request/request.js:200:22)
40 verbose stack     at emitTwo (events.js:106:13)
40 verbose stack     at Request.emit (events.js:191:7)
40 verbose stack     at Request.<anonymous> (/usr/local/lib/node_modules/npm/node_modules/request/request.js:1067:10)
40 verbose stack     at emitOne (events.js:101:20)
40 verbose stack     at Request.emit (events.js:188:7)
40 verbose stack     at IncomingMessage.<anonymous> (/usr/local/lib/node_modules/npm/node_modules/request/request.js:988:12)
41 verbose statusCode 403
42 verbose pkgid node-gitsync
43 verbose cwd /Users/jeremy.shefer/projects/node-gitsync
44 error Darwin 15.5.0
45 error argv "/usr/local/bin/node" "/usr/local/bin/npm" "publish"
46 error node v6.2.2
47 error npm  v3.9.5
48 error code E403
49 error "You cannot publish over the previously published version 1.0.0." : node-gitsync
50 error If you need help, you may report this error at:
50 error     <https://github.com/npm/npm/issues>
51 verbose exit [ 1, true ]
